{
  "RSpec": {
    "coverage": {
      "/home/saasbook/crawl/app/controllers/application_controller.rb": [
        1,
        1,
        null
      ],
      "/home/saasbook/crawl/app/helpers/application_helper.rb": [
        1,
        null
      ],
      "/home/saasbook/crawl/app/helpers/crawl_helper.rb": [
        1,
        null
      ],
      "/home/saasbook/crawl/app/controllers/crawls_controller.rb": [
        1,
        1,
        1,
        null,
        null,
        null,
        1,
        1,
        null,
        null,
        1,
        0,
        0,
        0,
        null,
        null,
        null,
        1,
        null,
        null,
        null,
        1,
        null,
        null,
        null,
        1,
        null,
        null,
        null,
        1,
        null,
        null,
        null,
        1,
        null,
        null,
        null
      ],
      "/home/saasbook/crawl/app/models/crawls.rb": [
        1,
        1,
        1,
        1,
        null,
        1,
        0,
        null,
        null,
        1,
        0,
        0,
        0,
        0,
        0,
        0,
        null,
        0,
        0,
        0,
        0,
        null,
        0,
        0,
        null,
        0,
        0,
        0,
        0,
        0,
        0,
        0,
        0,
        0,
        0,
        0,
        null,
        null,
        null,
        0,
        0,
        0,
        0,
        0,
        0,
        0,
        0,
        0,
        0,
        null,
        null,
        null,
        0,
        0,
        null,
        null,
        1,
        0,
        0,
        0,
        0,
        0,
        null,
        null
      ]
    },
    "timestamp": 1365812529
  },
  "Cucumber Features": {
    "coverage": {
    },
    "timestamp": 1365806833
  }
}
