{
  "Cucumber Features": {
    "coverage": {
    },
    "timestamp": 1368146426
  },
  "RSpec": {
    "coverage": {
      "/home/saasbook/t_crawl/app/controllers/application_controller.rb": [
        1,
        1,
        null
      ],
      "/home/saasbook/t_crawl/app/helpers/application_helper.rb": [
        1,
        null
      ],
      "/home/saasbook/t_crawl/app/helpers/crawl_helper.rb": [
        1,
        null
      ],
      "/home/saasbook/t_crawl/app/controllers/crawls_controller.rb": [
        1,
        1,
        null,
        null,
        1,
        2,
        null,
        null,
        2,
        2,
        2,
        2,
        null,
        2,
        2,
        2,
        2,
        2,
        2,
        2,
        0,
        0,
        0,
        0,
        null,
        2,
        4,
        2,
        null,
        null,
        null,
        1,
        null,
        null,
        null,
        1,
        null,
        null,
        null,
        1,
        null,
        null,
        null,
        1,
        null,
        null,
        null,
        1,
        null,
        null,
        null,
        null
      ],
      "/home/saasbook/t_crawl/app/models/crawls.rb": [
        1,
        1,
        null,
        null,
        null,
        null,
        null,
        null,
        null,
        1,
        5,
        null,
        null,
        1,
        0,
        0,
        0,
        null,
        null,
        null,
        null,
        null,
        null,
        null,
        null,
        null,
        null,
        null,
        null,
        1,
        2,
        2,
        1,
        1,
        1,
        1,
        1,
        null,
        2,
        1,
        1,
        1,
        1,
        1,
        null,
        null,
        2,
        2,
        2,
        0,
        null,
        2,
        0,
        null,
        2,
        0,
        0,
        0,
        0,
        null,
        null,
        null,
        null,
        1,
        2,
        null,
        null,
        null,
        null,
        null,
        null,
        null,
        null,
        null,
        null
      ]
    },
    "timestamp": 1368148932
  }
}
